Performing C SOURCE FILE Test CMAKE_HAVE_LIBC_PTHREAD failed with the following output:
Change Dir: /home/icetea0113/ros2_ws/src/autonomous_cpp/build/CMakeFiles/CMakeTmp

Run Build Command(s):/usr/bin/make cmTC_7cc89/fast && /usr/bin/make -f CMakeFiles/cmTC_7cc89.dir/build.make CMakeFiles/cmTC_7cc89.dir/build
make[1]: Entering directory '/home/icetea0113/ros2_ws/src/autonomous_cpp/build/CMakeFiles/CMakeTmp'
Building C object CMakeFiles/cmTC_7cc89.dir/src.c.o
/usr/bin/aarch64-linux-gnu-gcc-8   -DCMAKE_HAVE_LIBC_PTHREAD   -o CMakeFiles/cmTC_7cc89.dir/src.c.o   -c /home/icetea0113/ros2_ws/src/autonomous_cpp/build/CMakeFiles/CMakeTmp/src.c
Linking C executable cmTC_7cc89
/usr/bin/cmake -E cmake_link_script CMakeFiles/cmTC_7cc89.dir/link.txt --verbose=1
/usr/bin/aarch64-linux-gnu-gcc-8  -DCMAKE_HAVE_LIBC_PTHREAD    CMakeFiles/cmTC_7cc89.dir/src.c.o  -o cmTC_7cc89 
/usr/bin/ld: CMakeFiles/cmTC_7cc89.dir/src.c.o: in function `main':
src.c:(.text+0x48): undefined reference to `pthread_create'
/usr/bin/ld: src.c:(.text+0x50): undefined reference to `pthread_detach'
/usr/bin/ld: src.c:(.text+0x5c): undefined reference to `pthread_join'
collect2: error: ld returned 1 exit status
make[1]: *** [CMakeFiles/cmTC_7cc89.dir/build.make:87: cmTC_7cc89] Error 1
make[1]: Leaving directory '/home/icetea0113/ros2_ws/src/autonomous_cpp/build/CMakeFiles/CMakeTmp'
make: *** [Makefile:121: cmTC_7cc89/fast] Error 2


Source file was:
#include <pthread.h>

void* test_func(void* data)
{
  return data;
}

int main(void)
{
  pthread_t thread;
  pthread_create(&thread, NULL, test_func, NULL);
  pthread_detach(thread);
  pthread_join(thread, NULL);
  pthread_atfork(NULL, NULL, NULL);
  pthread_exit(NULL);

  return 0;
}

Determining if the function pthread_create exists in the pthreads failed with the following output:
Change Dir: /home/icetea0113/ros2_ws/src/autonomous_cpp/build/CMakeFiles/CMakeTmp

Run Build Command(s):/usr/bin/make cmTC_78d25/fast && /usr/bin/make -f CMakeFiles/cmTC_78d25.dir/build.make CMakeFiles/cmTC_78d25.dir/build
make[1]: Entering directory '/home/icetea0113/ros2_ws/src/autonomous_cpp/build/CMakeFiles/CMakeTmp'
Building C object CMakeFiles/cmTC_78d25.dir/CheckFunctionExists.c.o
/usr/bin/aarch64-linux-gnu-gcc-8   -DCHECK_FUNCTION_EXISTS=pthread_create   -o CMakeFiles/cmTC_78d25.dir/CheckFunctionExists.c.o   -c /usr/share/cmake-3.16/Modules/CheckFunctionExists.c
Linking C executable cmTC_78d25
/usr/bin/cmake -E cmake_link_script CMakeFiles/cmTC_78d25.dir/link.txt --verbose=1
/usr/bin/aarch64-linux-gnu-gcc-8  -DCHECK_FUNCTION_EXISTS=pthread_create    CMakeFiles/cmTC_78d25.dir/CheckFunctionExists.c.o  -o cmTC_78d25  -lpthreads 
/usr/bin/ld: cannot find -lpthreads
collect2: error: ld returned 1 exit status
make[1]: *** [CMakeFiles/cmTC_78d25.dir/build.make:87: cmTC_78d25] Error 1
make[1]: Leaving directory '/home/icetea0113/ros2_ws/src/autonomous_cpp/build/CMakeFiles/CMakeTmp'
make: *** [Makefile:121: cmTC_78d25/fast] Error 2



